C:\USERS\LENOVO\DESKTOP\LAB_WORKS\Л и ОА в ИЗ\LAB_6\LAB6\DEBUG\LAB6.EXE
C:\USERS\LENOVO\DESKTOP\LAB_WORKS\Л и ОА в ИЗ\LAB_6\LAB6\DEBUG\LAB6.ILK
C:\USERS\LENOVO\DESKTOP\LAB_WORKS\Л И ОА В ИЗ\LAB_6\LAB6\DEBUG\LAB6.PDB
C:\Users\Lenovo\Desktop\Lab_works\Л и ОА в ИЗ\Lab_6\Lab6\Lab6\Debug\cl.command.1.tlog
C:\Users\Lenovo\Desktop\Lab_works\Л и ОА в ИЗ\Lab_6\Lab6\Lab6\Debug\CL.read.1.tlog
C:\Users\Lenovo\Desktop\Lab_works\Л и ОА в ИЗ\Lab_6\Lab6\Lab6\Debug\CL.write.1.tlog
C:\USERS\LENOVO\DESKTOP\LAB_WORKS\Л и ОА в ИЗ\LAB_6\LAB6\LAB6\DEBUG\LAB6.EXE.EMBED.MANIFEST
C:\USERS\LENOVO\DESKTOP\LAB_WORKS\Л и ОА в ИЗ\LAB_6\LAB6\LAB6\DEBUG\LAB6.EXE.EMBED.MANIFEST.RES
C:\USERS\LENOVO\DESKTOP\LAB_WORKS\Л и ОА в ИЗ\LAB_6\LAB6\LAB6\DEBUG\LAB6.EXE.INTERMEDIATE.MANIFEST
C:\USERS\LENOVO\DESKTOP\LAB_WORKS\Л и ОА в ИЗ\LAB_6\LAB6\LAB6\DEBUG\LAB6.OBJ
C:\USERS\LENOVO\DESKTOP\LAB_WORKS\Л и ОА в ИЗ\LAB_6\LAB6\LAB6\DEBUG\LAB6.PCH
C:\Users\Lenovo\Desktop\Lab_works\Л и ОА в ИЗ\Lab_6\Lab6\Lab6\Debug\Lab6.write.1.tlog
C:\Users\Lenovo\Desktop\Lab_works\Л и ОА в ИЗ\Lab_6\Lab6\Lab6\Debug\Lab6_manifest.rc
C:\Users\Lenovo\Desktop\Lab_works\Л и ОА в ИЗ\Lab_6\Lab6\Lab6\Debug\link.13084.read.1.tlog
C:\Users\Lenovo\Desktop\Lab_works\Л и ОА в ИЗ\Lab_6\Lab6\Lab6\Debug\link.13084.write.1.tlog
C:\Users\Lenovo\Desktop\Lab_works\Л и ОА в ИЗ\Lab_6\Lab6\Lab6\Debug\link.13084-cvtres.read.1.tlog
C:\Users\Lenovo\Desktop\Lab_works\Л и ОА в ИЗ\Lab_6\Lab6\Lab6\Debug\link.13084-cvtres.write.1.tlog
C:\Users\Lenovo\Desktop\Lab_works\Л и ОА в ИЗ\Lab_6\Lab6\Lab6\Debug\link.command.1.tlog
C:\Users\Lenovo\Desktop\Lab_works\Л и ОА в ИЗ\Lab_6\Lab6\Lab6\Debug\link.read.1.tlog
C:\Users\Lenovo\Desktop\Lab_works\Л и ОА в ИЗ\Lab_6\Lab6\Lab6\Debug\link.write.1.tlog
C:\Users\Lenovo\Desktop\Lab_works\Л и ОА в ИЗ\Lab_6\Lab6\Lab6\Debug\link-cvtres.read.1.tlog
C:\Users\Lenovo\Desktop\Lab_works\Л и ОА в ИЗ\Lab_6\Lab6\Lab6\Debug\link-cvtres.write.1.tlog
C:\Users\Lenovo\Desktop\Lab_works\Л и ОА в ИЗ\Lab_6\Lab6\Lab6\Debug\mt.command.1.tlog
C:\Users\Lenovo\Desktop\Lab_works\Л и ОА в ИЗ\Lab_6\Lab6\Lab6\Debug\mt.read.1.tlog
C:\Users\Lenovo\Desktop\Lab_works\Л и ОА в ИЗ\Lab_6\Lab6\Lab6\Debug\mt.write.1.tlog
C:\Users\Lenovo\Desktop\Lab_works\Л и ОА в ИЗ\Lab_6\Lab6\Lab6\Debug\rc.command.1.tlog
C:\Users\Lenovo\Desktop\Lab_works\Л и ОА в ИЗ\Lab_6\Lab6\Lab6\Debug\rc.read.1.tlog
C:\Users\Lenovo\Desktop\Lab_works\Л и ОА в ИЗ\Lab_6\Lab6\Lab6\Debug\rc.write.1.tlog
C:\USERS\LENOVO\DESKTOP\LAB_WORKS\Л и ОА в ИЗ\LAB_6\LAB6\LAB6\DEBUG\STDAFX.OBJ
C:\Users\Lenovo\Desktop\Lab_works\Л и ОА в ИЗ\Lab_6\Lab6\Lab6\Debug\vc100.idb
C:\USERS\LENOVO\DESKTOP\LAB_WORKS\Л И ОА В ИЗ\LAB_6\LAB6\LAB6\DEBUG\VC100.PDB
